Copyright 1986-2020 Xilinx, Inc. All Rights Reserved.
--------------------------------------------------------------------------------------
| Tool Version : Vivado v.2020.2 (win64) Build 3064766 Wed Nov 18 09:12:45 MST 2020
| Date         : Sun Feb 21 03:27:26 2021
| Host         : Nebuchadnezzar running 64-bit major release  (build 9200)
| Command      : report_control_sets -verbose -file TopModule_control_sets_placed.rpt
| Design       : TopModule
| Device       : xc7a35t
--------------------------------------------------------------------------------------

Control Set Information

Table of Contents
-----------------
1. Summary
2. Histogram
3. Flip-Flop Distribution
4. Detailed Control Set Information

1. Summary
----------

+----------------------------------------------------------+-------+
|                          Status                          | Count |
+----------------------------------------------------------+-------+
| Total control sets                                       |     6 |
|    Minimum number of control sets                        |     6 |
|    Addition due to synthesis replication                 |     0 |
|    Addition due to physical synthesis replication        |     0 |
| Unused register locations in slices containing registers |    26 |
+----------------------------------------------------------+-------+
* Control sets can be merged at opt_design using control_set_merge or merge_equivalent_drivers
** Run report_qor_suggestions for automated merging and remapping suggestions


2. Histogram
------------

+--------------------+-------+
|       Fanout       | Count |
+--------------------+-------+
| Total control sets |     6 |
| >= 0 to < 4        |     1 |
| >= 4 to < 6        |     2 |
| >= 6 to < 8        |     0 |
| >= 8 to < 10       |     0 |
| >= 10 to < 12      |     0 |
| >= 12 to < 14      |     0 |
| >= 14 to < 16      |     0 |
| >= 16              |     3 |
+--------------------+-------+
* Control sets can be remapped at either synth_design or opt_design


3. Flip-Flop Distribution
-------------------------

+--------------+-----------------------+------------------------+-----------------+--------------+
| Clock Enable | Synchronous Set/Reset | Asynchronous Set/Reset | Total Registers | Total Slices |
+--------------+-----------------------+------------------------+-----------------+--------------+
| No           | No                    | No                     |               6 |            3 |
| No           | No                    | Yes                    |              26 |           10 |
| No           | Yes                   | No                     |               0 |            0 |
| Yes          | No                    | No                     |              42 |           12 |
| Yes          | No                    | Yes                    |               4 |            1 |
| Yes          | Yes                   | No                     |               0 |            0 |
+--------------+-----------------------+------------------------+-----------------+--------------+


4. Detailed Control Set Information
-----------------------------------

+----------------------------+--------------------------+------------------+------------------+----------------+--------------+
|        Clock Signal        |       Enable Signal      | Set/Reset Signal | Slice Load Count | Bel Load Count | Bels / Slice |
+----------------------------+--------------------------+------------------+------------------+----------------+--------------+
|  clk_IBUF_BUFG             |                          |                  |                2 |              2 |         1.00 |
|  Parking/entry_reg_i_1_n_0 |                          |                  |                1 |              4 |         4.00 |
|  clk_IBUF_BUFG             | COUNTER/count[3]_i_1_n_0 | reset_IBUF       |                1 |              4 |         4.00 |
|  clk_IBUF_BUFG             | DB_1/count[0]_i_1_n_0    |                  |                6 |             21 |         3.50 |
|  clk_IBUF_BUFG             | DB_2/count[0]_i_1__0_n_0 |                  |                6 |             21 |         3.50 |
|  clk_IBUF_BUFG             |                          | reset_IBUF       |               10 |             26 |         2.60 |
+----------------------------+--------------------------+------------------+------------------+----------------+--------------+


