INFO: [VRFC 10-2263] Analyzing Verilog file "C:/Users/hp/Desktop/Integrated Systems Design/Lab3_Part2/Lab3_Part2.gen/sources_1/ip/fir_compiler_0/fir_compiler_0_sim_netlist.v" into library xil_defaultlib
INFO: [VRFC 10-311] analyzing module fir_compiler_0
INFO: [VRFC 10-311] analyzing module fir_compiler_0_fir_compiler_v7_2_15
INFO: [VRFC 10-311] analyzing module fir_compiler_0_add_accum
INFO: [VRFC 10-311] analyzing module fir_compiler_0_addsub_mult_add
INFO: [VRFC 10-311] analyzing module fir_compiler_0_addsub_mult_add_18
INFO: [VRFC 10-311] analyzing module fir_compiler_0_addsub_mult_add_19
INFO: [VRFC 10-311] analyzing module fir_compiler_0_addsub_mult_add_20
INFO: [VRFC 10-311] analyzing module fir_compiler_0_addsub_mult_add_21
INFO: [VRFC 10-311] analyzing module fir_compiler_0_addsub_mult_add_22
INFO: [VRFC 10-311] analyzing module fir_compiler_0_addsub_mult_add_23
INFO: [VRFC 10-311] analyzing module fir_compiler_0_addsub_mult_add_24
INFO: [VRFC 10-311] analyzing module fir_compiler_0_addsub_mult_add_25
INFO: [VRFC 10-311] analyzing module fir_compiler_0_addsub_mult_add_26
INFO: [VRFC 10-311] analyzing module fir_compiler_0_addsub_mult_add__parameterized0
INFO: [VRFC 10-311] analyzing module fir_compiler_0_addsub_mult_add__parameterized1
INFO: [VRFC 10-311] analyzing module fir_compiler_0_addsub_mult_add__parameterized1_27
INFO: [VRFC 10-311] analyzing module fir_compiler_0_addsub_mult_add__parameterized1_28
INFO: [VRFC 10-311] analyzing module fir_compiler_0_addsub_mult_add__parameterized1_29
INFO: [VRFC 10-311] analyzing module fir_compiler_0_addsub_mult_add__parameterized1_30
INFO: [VRFC 10-311] analyzing module fir_compiler_0_addsub_mult_add__parameterized1_31
INFO: [VRFC 10-311] analyzing module fir_compiler_0_addsub_mult_add__parameterized1_32
INFO: [VRFC 10-311] analyzing module fir_compiler_0_addsub_mult_add__parameterized1_33
INFO: [VRFC 10-311] analyzing module fir_compiler_0_addsub_mult_add__parameterized1_34
INFO: [VRFC 10-311] analyzing module fir_compiler_0_addsub_mult_add__parameterized1_35
INFO: [VRFC 10-311] analyzing module fir_compiler_0_addsub_mult_add__parameterized2
INFO: [VRFC 10-311] analyzing module fir_compiler_0_buff
INFO: [VRFC 10-311] analyzing module fir_compiler_0_buff_0
INFO: [VRFC 10-311] analyzing module fir_compiler_0_buff_1
INFO: [VRFC 10-311] analyzing module fir_compiler_0_buff_2
INFO: [VRFC 10-311] analyzing module fir_compiler_0_buff_3
INFO: [VRFC 10-311] analyzing module fir_compiler_0_buff_4
INFO: [VRFC 10-311] analyzing module fir_compiler_0_buff_5
INFO: [VRFC 10-311] analyzing module fir_compiler_0_buff_6
INFO: [VRFC 10-311] analyzing module fir_compiler_0_buff_7
INFO: [VRFC 10-311] analyzing module fir_compiler_0_buff_8
INFO: [VRFC 10-311] analyzing module fir_compiler_0_buff__parameterized0
INFO: [VRFC 10-311] analyzing module fir_compiler_0_buff__parameterized0_10
INFO: [VRFC 10-311] analyzing module fir_compiler_0_buff__parameterized0_11
INFO: [VRFC 10-311] analyzing module fir_compiler_0_buff__parameterized0_12
INFO: [VRFC 10-311] analyzing module fir_compiler_0_buff__parameterized0_13
INFO: [VRFC 10-311] analyzing module fir_compiler_0_buff__parameterized0_14
INFO: [VRFC 10-311] analyzing module fir_compiler_0_buff__parameterized0_15
INFO: [VRFC 10-311] analyzing module fir_compiler_0_buff__parameterized0_16
INFO: [VRFC 10-311] analyzing module fir_compiler_0_buff__parameterized0_17
INFO: [VRFC 10-311] analyzing module fir_compiler_0_buff__parameterized0_9
INFO: [VRFC 10-311] analyzing module fir_compiler_0_calc
INFO: [VRFC 10-311] analyzing module fir_compiler_0_calc_47
INFO: [VRFC 10-311] analyzing module fir_compiler_0_calc_48
INFO: [VRFC 10-311] analyzing module fir_compiler_0_calc_49
INFO: [VRFC 10-311] analyzing module fir_compiler_0_calc_50
INFO: [VRFC 10-311] analyzing module fir_compiler_0_calc_51
INFO: [VRFC 10-311] analyzing module fir_compiler_0_calc_52
INFO: [VRFC 10-311] analyzing module fir_compiler_0_calc_53
INFO: [VRFC 10-311] analyzing module fir_compiler_0_calc_54
INFO: [VRFC 10-311] analyzing module fir_compiler_0_calc_55
INFO: [VRFC 10-311] analyzing module fir_compiler_0_calc_56
INFO: [VRFC 10-311] analyzing module fir_compiler_0_calc__parameterized0
INFO: [VRFC 10-311] analyzing module fir_compiler_0_calc__parameterized0_37
INFO: [VRFC 10-311] analyzing module fir_compiler_0_calc__parameterized0_38
INFO: [VRFC 10-311] analyzing module fir_compiler_0_calc__parameterized0_39
INFO: [VRFC 10-311] analyzing module fir_compiler_0_calc__parameterized0_40
INFO: [VRFC 10-311] analyzing module fir_compiler_0_calc__parameterized0_41
INFO: [VRFC 10-311] analyzing module fir_compiler_0_calc__parameterized0_42
INFO: [VRFC 10-311] analyzing module fir_compiler_0_calc__parameterized0_43
INFO: [VRFC 10-311] analyzing module fir_compiler_0_calc__parameterized0_44
INFO: [VRFC 10-311] analyzing module fir_compiler_0_calc__parameterized0_45
INFO: [VRFC 10-311] analyzing module fir_compiler_0_calc__parameterized0_46
INFO: [VRFC 10-311] analyzing module fir_compiler_0_calc__parameterized1
INFO: [VRFC 10-311] analyzing module fir_compiler_0_delay
INFO: [VRFC 10-311] analyzing module fir_compiler_0_delay_36
INFO: [VRFC 10-311] analyzing module fir_compiler_0_delay__parameterized0
INFO: [VRFC 10-311] analyzing module fir_compiler_0_delay__parameterized10
INFO: [VRFC 10-311] analyzing module fir_compiler_0_delay__parameterized11
INFO: [VRFC 10-311] analyzing module fir_compiler_0_delay__parameterized14
INFO: [VRFC 10-311] analyzing module fir_compiler_0_delay__parameterized14_57
INFO: [VRFC 10-311] analyzing module fir_compiler_0_delay__parameterized14_58
INFO: [VRFC 10-311] analyzing module fir_compiler_0_delay__parameterized14_59
INFO: [VRFC 10-311] analyzing module fir_compiler_0_delay__parameterized14_60
INFO: [VRFC 10-311] analyzing module fir_compiler_0_delay__parameterized14_61
INFO: [VRFC 10-311] analyzing module fir_compiler_0_delay__parameterized14_62
INFO: [VRFC 10-311] analyzing module fir_compiler_0_delay__parameterized14_63
INFO: [VRFC 10-311] analyzing module fir_compiler_0_delay__parameterized14_64
INFO: [VRFC 10-311] analyzing module fir_compiler_0_delay__parameterized14_65
INFO: [VRFC 10-311] analyzing module fir_compiler_0_delay__parameterized2
INFO: [VRFC 10-311] analyzing module fir_compiler_0_delay__parameterized20
INFO: [VRFC 10-311] analyzing module fir_compiler_0_delay__parameterized24
INFO: [VRFC 10-311] analyzing module fir_compiler_0_delay__parameterized2_66
INFO: [VRFC 10-311] analyzing module fir_compiler_0_delay__parameterized2_67
INFO: [VRFC 10-311] analyzing module fir_compiler_0_delay__parameterized2_68
INFO: [VRFC 10-311] analyzing module fir_compiler_0_delay__parameterized2_69
INFO: [VRFC 10-311] analyzing module fir_compiler_0_delay__parameterized2_70
INFO: [VRFC 10-311] analyzing module fir_compiler_0_delay__parameterized2_71
INFO: [VRFC 10-311] analyzing module fir_compiler_0_delay__parameterized2_72
INFO: [VRFC 10-311] analyzing module fir_compiler_0_delay__parameterized2_73
INFO: [VRFC 10-311] analyzing module fir_compiler_0_delay__parameterized2_74
INFO: [VRFC 10-311] analyzing module fir_compiler_0_delay__parameterized3
INFO: [VRFC 10-311] analyzing module fir_compiler_0_delay__parameterized4
INFO: [VRFC 10-311] analyzing module fir_compiler_0_delay__parameterized5
INFO: [VRFC 10-311] analyzing module fir_compiler_0_delay__parameterized6
INFO: [VRFC 10-311] analyzing module fir_compiler_0_delay__parameterized7
INFO: [VRFC 10-311] analyzing module fir_compiler_0_delay__parameterized8
INFO: [VRFC 10-311] analyzing module fir_compiler_0_delay__parameterized9
INFO: [VRFC 10-311] analyzing module fir_compiler_0_ext_mult
INFO: [VRFC 10-311] analyzing module fir_compiler_0_fir_compiler_v7_2_15_viv
INFO: [VRFC 10-311] analyzing module fir_compiler_0_glb_ifx_slave
INFO: [VRFC 10-311] analyzing module fir_compiler_0_glb_srl_fifo
INFO: [VRFC 10-311] analyzing module fir_compiler_0_single_rate
INFO: [VRFC 10-311] analyzing module glbl
INFO: [VRFC 10-2263] Analyzing SystemVerilog file "C:/Users/hp/Desktop/Integrated Systems Design/Lab3_Part2/Lab3_Part2.srcs/sources_1/imports/Lab3_Part2/fir_filter_test.sv" into library xil_defaultlib
INFO: [VRFC 10-311] analyzing module fir_filter_test
INFO: [VRFC 10-2263] Analyzing SystemVerilog file "C:/Users/hp/Desktop/Integrated Systems Design/Lab3_Part2/Lab3_Part2.srcs/sources_1/imports/Lab3_Part2/measure_sine_peak.sv" into library xil_defaultlib
INFO: [VRFC 10-311] analyzing module measure_sine_peak
INFO: [VRFC 10-2263] Analyzing SystemVerilog file "C:/Users/hp/Desktop/Integrated Systems Design/Lab3_Part2/Lab3_Part2.srcs/sources_1/imports/Lab3_Part2/sig_gen.sv" into library xil_defaultlib
INFO: [VRFC 10-311] analyzing module sig_gen
INFO: [VRFC 10-2263] Analyzing SystemVerilog file "C:/Users/hp/Desktop/Integrated Systems Design/Lab3_Part2/Lab3_Part2.srcs/sources_1/imports/Lab3_Part2/tb_fir_filter_test.sv" into library xil_defaultlib
INFO: [VRFC 10-311] analyzing module tb_fir_filter_test
INFO: [VRFC 10-2458] undeclared symbol clk, assumed default net type wire [C:/Users/hp/Desktop/Integrated Systems Design/Lab3_Part2/Lab3_Part2.srcs/sources_1/imports/Lab3_Part2/tb_fir_filter_test.sv:27]
INFO: [VRFC 10-2458] undeclared symbol reset, assumed default net type wire [C:/Users/hp/Desktop/Integrated Systems Design/Lab3_Part2/Lab3_Part2.srcs/sources_1/imports/Lab3_Part2/tb_fir_filter_test.sv:28]
INFO: [VRFC 10-2458] undeclared symbol enable, assumed default net type wire [C:/Users/hp/Desktop/Integrated Systems Design/Lab3_Part2/Lab3_Part2.srcs/sources_1/imports/Lab3_Part2/tb_fir_filter_test.sv:29]
INFO: [VRFC 10-2458] undeclared symbol fcw, assumed default net type wire [C:/Users/hp/Desktop/Integrated Systems Design/Lab3_Part2/Lab3_Part2.srcs/sources_1/imports/Lab3_Part2/tb_fir_filter_test.sv:30]
WARNING: [VRFC 10-2938] 'clk' is already implicitly declared on line 27 [C:/Users/hp/Desktop/Integrated Systems Design/Lab3_Part2/Lab3_Part2.srcs/sources_1/imports/Lab3_Part2/tb_fir_filter_test.sv:35]
WARNING: [VRFC 10-2938] 'reset' is already implicitly declared on line 28 [C:/Users/hp/Desktop/Integrated Systems Design/Lab3_Part2/Lab3_Part2.srcs/sources_1/imports/Lab3_Part2/tb_fir_filter_test.sv:36]
WARNING: [VRFC 10-2938] 'enable' is already implicitly declared on line 29 [C:/Users/hp/Desktop/Integrated Systems Design/Lab3_Part2/Lab3_Part2.srcs/sources_1/imports/Lab3_Part2/tb_fir_filter_test.sv:37]
WARNING: [VRFC 10-2938] 'fcw' is already implicitly declared on line 30 [C:/Users/hp/Desktop/Integrated Systems Design/Lab3_Part2/Lab3_Part2.srcs/sources_1/imports/Lab3_Part2/tb_fir_filter_test.sv:38]
INFO: [VRFC 10-2263] Analyzing Verilog file "C:/Users/hp/Desktop/Integrated Systems Design/Lab3_Part2/Lab3_Part2.sim/sim_1/behav/xsim/glbl.v" into library xil_defaultlib
INFO: [VRFC 10-311] analyzing module glbl
WARNING: [VRFC 10-3609] overwriting previous definition of module 'glbl' [C:/Users/hp/Desktop/Integrated Systems Design/Lab3_Part2/Lab3_Part2.sim/sim_1/behav/xsim/glbl.v:6]
